Arguments: 
  C:\Program Files\nodejs\node.exe C:\Program Files (x86)\Yarn\bin\yarn.js add Koa

PATH: 
  C:\Program Files (x86)\Common Files\Oracle\Java\javapath;C:\WINDOWS\system32;C:\WINDOWS;C:\WINDOWS\System32\Wbem;C:\WINDOWS\System32\WindowsPowerShell\v1.0\;C:\WINDOWS\System32\OpenSSH\;C:\Users\FooSss\AppData\Roaming\nvm;C:\Program Files\nodejs;C:\Program Files (x86)\Yarn\bin\;"C:\Program Files (x86)\Java\jdk1.8.0_221\bin;C:\Program Files (x86)\Java\jdk1.8.0_221\jre\bin;";C:\Lang\Go\bin;C:\Program Files\Git\cmd;C:\Users\FooSss\.cargo\bin;C:\Users\FooSss\AppData\Local\Programs\Python\Python37-32\Scripts\;C:\Users\FooSss\AppData\Local\Programs\Python\Python37-32\;C:\Users\FooSss\AppData\Local\Microsoft\WindowsApps;C:\Users\FooSss\AppData\Local\Programs\Microsoft VS Code\bin;C:\Users\FooSss\AppData\Roaming\npm;C:\Users\FooSss\AppData\Roaming\nvm;C:\Program Files\nodejs;C:\Users\FooSss\AppData\Local\Yarn\bin;C:\Users\FooSss\go\bin

Yarn version: 
  1.16.0

Node version: 
  10.16.0

Platform: 
  win32 x64

Trace: 
  Error: http://r.cnpmjs.org/Koa: [not_found] document not found
      at Request.params.callback [as _callback] (C:\Program Files (x86)\Yarn\lib\cli.js:65200:18)
      at Request.self.callback (C:\Program Files (x86)\Yarn\lib\cli.js:129590:22)
      at Request.emit (events.js:198:13)
      at Request.<anonymous> (C:\Program Files (x86)\Yarn\lib\cli.js:130562:10)
      at Request.emit (events.js:198:13)
      at Gunzip.<anonymous> (C:\Program Files (x86)\Yarn\lib\cli.js:130484:12)
      at Object.onceWrapper (events.js:286:20)
      at Gunzip.emit (events.js:203:15)
      at endReadableNT (_stream_readable.js:1129:12)
      at process._tickCallback (internal/process/next_tick.js:63:19)

npm manifest: 
  {
    "name": "server",
    "version": "1.0.0",
    "main": "index.js",
    "license": "MIT"
  }

yarn manifest: 
  No manifest

Lockfile: 
  No lockfile
